./Dxr/Dxr_1087_manual_regions.phy_phyml_lk_Dxr_1087_manual_regions.COMBINED.txt
# $Id: makermt.c,v 1.16 2010/01/29 16:45:36 shimo Exp $
# seed:0 (MT19937 generator)
# K:10
# R:0.5 0.6 0.7 0.8 0.9 1 1.1 1.2 1.3 1.4 
# B:100000 100000 100000 100000 100000 100000 100000 100000 100000 100000 
# reading ./Dxr/Dxr_1087_manual_regions.phy_phyml_lk_Dxr_1087_manual_regions.COMBINED.txt
# M:5 N:477
# writing ./Dxr/Dxr_1087_manual_regions.phy_phyml_lk_Dxr_1087_manual_regions.COMBINED
# writing ./Dxr/Dxr_1087_manual_regions.phy_phyml_lk_Dxr_1087_manual_regions.COMBINED
# start generating total 1000000 replicates for 5 items..........
# time elapsed for bootstrap t=25.85 sec
# exit normally
# $Id: consel.c,v 1.20 2011/05/12 07:23:08 shimo Exp $
# reading ./Dxr/Dxr_1087_manual_regions.phy_phyml_lk_Dxr_1087_manual_regions.COMBINED..........
# K:10
# R:0.498952 0.599581 0.698113 0.798742 0.899371 1 1.09853 1.19916 1.29979 1.39832 
# B:100000 100000 100000 100000 100000 100000 100000 100000 100000 100000 
# M:5
# generate the identity association
# CM:5
# MC-TEST STARTS
# centering the replicates
# calculating kh-pvalue.....
# calculating mc-pvalue.....
# calculating the variances.....
# calculating weighted kh-pvalue.....
# calculating weighted mc-pvalue.....
# MC-TEST DONE
# calculate replicates of the statistics..........
# BP-TEST STARTS - DONE
# AU-TEST STARTS
# sorting the replicates..........
# calculating approximately unbiased p-values by MLE (fast) fitting.....
# time elapsed for AU test is t=0.01 sec
# ALPHA:0.05 0.1 0.5 0.9 0.95 
# calculating confidence intervals.....
# AU-TEST DONE
# writing ./Dxr/Dxr_1087_manual_regions.phy_phyml_lk_Dxr_1087_manual_regions.pv
# writing ./Dxr/Dxr_1087_manual_regions.phy_phyml_lk_Dxr_1087_manual_regions.ci
# exit normally



./Dxs/Dxs_1089_manual_regions.phy_phyml_lk_Dxs_1089_manual_regions.COMBINED.txt
# $Id: makermt.c,v 1.16 2010/01/29 16:45:36 shimo Exp $
# seed:0 (MT19937 generator)
# K:10
# R:0.5 0.6 0.7 0.8 0.9 1 1.1 1.2 1.3 1.4 
# B:100000 100000 100000 100000 100000 100000 100000 100000 100000 100000 
# reading ./Dxs/Dxs_1089_manual_regions.phy_phyml_lk_Dxs_1089_manual_regions.COMBINED.txt
# M:5 N:791
# writing ./Dxs/Dxs_1089_manual_regions.phy_phyml_lk_Dxs_1089_manual_regions.COMBINED
# writing ./Dxs/Dxs_1089_manual_regions.phy_phyml_lk_Dxs_1089_manual_regions.COMBINED
# start generating total 1000000 replicates for 5 items..........
# time elapsed for bootstrap t=45.3 sec
# exit normally
# $Id: consel.c,v 1.20 2011/05/12 07:23:08 shimo Exp $
# reading ./Dxs/Dxs_1089_manual_regions.phy_phyml_lk_Dxs_1089_manual_regions.COMBINED..........
# K:10
# R:0.499368 0.599241 0.699115 0.798989 0.898862 1 1.09987 1.19975 1.29962 1.39949 
# B:100000 100000 100000 100000 100000 100000 100000 100000 100000 100000 
# M:5
# generate the identity association
# CM:5
# MC-TEST STARTS
# centering the replicates
# calculating kh-pvalue.....
# calculating mc-pvalue.....
# calculating the variances.....
# calculating weighted kh-pvalue.....
# calculating weighted mc-pvalue.....
# MC-TEST DONE
# calculate replicates of the statistics..........
# BP-TEST STARTS - DONE
# AU-TEST STARTS
# sorting the replicates..........
# calculating approximately unbiased p-values by MLE (fast) fitting.....
# time elapsed for AU test is t=0 sec
# ALPHA:0.05 0.1 0.5 0.9 0.95 
# calculating confidence intervals.....
# AU-TEST DONE
# writing ./Dxs/Dxs_1089_manual_regions.phy_phyml_lk_Dxs_1089_manual_regions.pv
# writing ./Dxs/Dxs_1089_manual_regions.phy_phyml_lk_Dxs_1089_manual_regions.ci
# exit normally



./IspD/IspD_1091_manual_regions.phy_phyml_lk_IspD_1091_manual_regions.COMBINED.txt
# $Id: makermt.c,v 1.16 2010/01/29 16:45:36 shimo Exp $
# seed:0 (MT19937 generator)
# K:10
# R:0.5 0.6 0.7 0.8 0.9 1 1.1 1.2 1.3 1.4 
# B:100000 100000 100000 100000 100000 100000 100000 100000 100000 100000 
# reading ./IspD/IspD_1091_manual_regions.phy_phyml_lk_IspD_1091_manual_regions.COMBINED.txt
# M:7 N:310
# writing ./IspD/IspD_1091_manual_regions.phy_phyml_lk_IspD_1091_manual_regions.COMBINED
# writing ./IspD/IspD_1091_manual_regions.phy_phyml_lk_IspD_1091_manual_regions.COMBINED
# start generating total 1000000 replicates for 7 items..........
# time elapsed for bootstrap t=18.44 sec
# exit normally
# $Id: consel.c,v 1.20 2011/05/12 07:23:08 shimo Exp $
# reading ./IspD/IspD_1091_manual_regions.phy_phyml_lk_IspD_1091_manual_regions.COMBINED..........
# K:10
# R:0.5 0.6 0.7 0.8 0.9 1 1.1 1.2 1.3 1.4 
# B:100000 100000 100000 100000 100000 100000 100000 100000 100000 100000 
# M:7
# generate the identity association
# CM:7
# MC-TEST STARTS
# centering the replicates
# calculating kh-pvalue.......
# calculating mc-pvalue.......
# calculating the variances.......
# calculating weighted kh-pvalue.......
# calculating weighted mc-pvalue.......
# MC-TEST DONE
# calculate replicates of the statistics..........
# BP-TEST STARTS - DONE
# AU-TEST STARTS
# sorting the replicates..........
# calculating approximately unbiased p-values by MLE (fast) fitting
#! Warning: theory does not fit well: pfit[1]=0.0002. .
#! Warning: theory does not fit well: pfit[2]=0.0026. ......
# time elapsed for AU test is t=0.02 sec
# ALPHA:0.05 0.1 0.5 0.9 0.95 
# calculating confidence intervals.......
# AU-TEST DONE
# writing ./IspD/IspD_1091_manual_regions.phy_phyml_lk_IspD_1091_manual_regions.pv
# writing ./IspD/IspD_1091_manual_regions.phy_phyml_lk_IspD_1091_manual_regions.ci
# exit normally



./IspE/IspE_1094_manual_regions.phy_phyml_lk_IspE_1094_manual_regions.COMBINED.txt
# $Id: makermt.c,v 1.16 2010/01/29 16:45:36 shimo Exp $
# seed:0 (MT19937 generator)
# K:10
# R:0.5 0.6 0.7 0.8 0.9 1 1.1 1.2 1.3 1.4 
# B:100000 100000 100000 100000 100000 100000 100000 100000 100000 100000 
# reading ./IspE/IspE_1094_manual_regions.phy_phyml_lk_IspE_1094_manual_regions.COMBINED.txt
# M:6 N:386
# writing ./IspE/IspE_1094_manual_regions.phy_phyml_lk_IspE_1094_manual_regions.COMBINED
# writing ./IspE/IspE_1094_manual_regions.phy_phyml_lk_IspE_1094_manual_regions.COMBINED
# start generating total 1000000 replicates for 6 items..........
# time elapsed for bootstrap t=24.59 sec
# exit normally
# $Id: consel.c,v 1.20 2011/05/12 07:23:08 shimo Exp $
# reading ./IspE/IspE_1094_manual_regions.phy_phyml_lk_IspE_1094_manual_regions.COMBINED..........
# K:10
# R:0.5 0.598446 0.699482 0.797927 0.898964 1 1.09845 1.19948 1.29793 1.39896 
# B:100000 100000 100000 100000 100000 100000 100000 100000 100000 100000 
# M:6
# generate the identity association
# CM:6
# MC-TEST STARTS
# centering the replicates
# calculating kh-pvalue......
# calculating mc-pvalue......
# calculating the variances......
# calculating weighted kh-pvalue......
# calculating weighted mc-pvalue......
# MC-TEST DONE
# calculate replicates of the statistics..........
# BP-TEST STARTS - DONE
# AU-TEST STARTS
# sorting the replicates..........
# calculating approximately unbiased p-values by MLE (fast) fitting......
# time elapsed for AU test is t=0.02 sec
# ALPHA:0.05 0.1 0.5 0.9 0.95 
# calculating confidence intervals......
# AU-TEST DONE
# writing ./IspE/IspE_1094_manual_regions.phy_phyml_lk_IspE_1094_manual_regions.pv
# writing ./IspE/IspE_1094_manual_regions.phy_phyml_lk_IspE_1094_manual_regions.ci
# exit normally



./IspF/IspF_1096_manual_regions.phy_phyml_lk_IspF_1096_manual_regions.COMBINED.txt
# $Id: makermt.c,v 1.16 2010/01/29 16:45:36 shimo Exp $
# seed:0 (MT19937 generator)
# K:10
# R:0.5 0.6 0.7 0.8 0.9 1 1.1 1.2 1.3 1.4 
# B:100000 100000 100000 100000 100000 100000 100000 100000 100000 100000 
# reading ./IspF/IspF_1096_manual_regions.phy_phyml_lk_IspF_1096_manual_regions.COMBINED.txt
# M:7 N:200
# writing ./IspF/IspF_1096_manual_regions.phy_phyml_lk_IspF_1096_manual_regions.COMBINED
# writing ./IspF/IspF_1096_manual_regions.phy_phyml_lk_IspF_1096_manual_regions.COMBINED
# start generating total 1000000 replicates for 7 items..........
# time elapsed for bootstrap t=12.16 sec
# exit normally
# $Id: consel.c,v 1.20 2011/05/12 07:23:08 shimo Exp $
# reading ./IspF/IspF_1096_manual_regions.phy_phyml_lk_IspF_1096_manual_regions.COMBINED..........
# K:10
# R:0.5 0.6 0.7 0.8 0.9 1 1.1 1.2 1.3 1.4 
# B:100000 100000 100000 100000 100000 100000 100000 100000 100000 100000 
# M:7
# generate the identity association
# CM:7
# MC-TEST STARTS
# centering the replicates
# calculating kh-pvalue.......
# calculating mc-pvalue.......
# calculating the variances.......
# calculating weighted kh-pvalue.......
# calculating weighted mc-pvalue.......
# MC-TEST DONE
# calculate replicates of the statistics..........
# BP-TEST STARTS - DONE
# AU-TEST STARTS
# sorting the replicates..........
# calculating approximately unbiased p-values by MLE (fast) fitting.......
# time elapsed for AU test is t=0.02 sec
# ALPHA:0.05 0.1 0.5 0.9 0.95 
# calculating confidence intervals.......
# AU-TEST DONE
# writing ./IspF/IspF_1096_manual_regions.phy_phyml_lk_IspF_1096_manual_regions.pv
# writing ./IspF/IspF_1096_manual_regions.phy_phyml_lk_IspF_1096_manual_regions.ci
# exit normally



./IspG/IspG_1098_manual_regions.phy_phyml_lk_IspG_1098_manual_regions.COMBINED.txt
# $Id: makermt.c,v 1.16 2010/01/29 16:45:36 shimo Exp $
# seed:0 (MT19937 generator)
# K:10
# R:0.5 0.6 0.7 0.8 0.9 1 1.1 1.2 1.3 1.4 
# B:100000 100000 100000 100000 100000 100000 100000 100000 100000 100000 
# reading ./IspG/IspG_1098_manual_regions.phy_phyml_lk_IspG_1098_manual_regions.COMBINED.txt
# M:5 N:717
# writing ./IspG/IspG_1098_manual_regions.phy_phyml_lk_IspG_1098_manual_regions.COMBINED
# writing ./IspG/IspG_1098_manual_regions.phy_phyml_lk_IspG_1098_manual_regions.COMBINED
# start generating total 1000000 replicates for 5 items..........
# time elapsed for bootstrap t=42.22 sec
# exit normally
# $Id: consel.c,v 1.20 2011/05/12 07:23:08 shimo Exp $
# reading ./IspG/IspG_1098_manual_regions.phy_phyml_lk_IspG_1098_manual_regions.COMBINED..........
# K:10
# R:0.499303 0.599721 0.698745 0.799163 0.899582 1 1.09902 1.19944 1.29986 1.39888 
# B:100000 100000 100000 100000 100000 100000 100000 100000 100000 100000 
# M:5
# generate the identity association
# CM:5
# MC-TEST STARTS
# centering the replicates
# calculating kh-pvalue.....
# calculating mc-pvalue.....
# calculating the variances.....
# calculating weighted kh-pvalue.....
# calculating weighted mc-pvalue.....
# MC-TEST DONE
# calculate replicates of the statistics..........
# BP-TEST STARTS - DONE
# AU-TEST STARTS
# sorting the replicates..........
# calculating approximately unbiased p-values by MLE (fast) fitting.....
# time elapsed for AU test is t=0.01 sec
# ALPHA:0.05 0.1 0.5 0.9 0.95 
# calculating confidence intervals.....
# AU-TEST DONE
# writing ./IspG/IspG_1098_manual_regions.phy_phyml_lk_IspG_1098_manual_regions.pv
# writing ./IspG/IspG_1098_manual_regions.phy_phyml_lk_IspG_1098_manual_regions.ci
# exit normally



./IspH/IspH_1100_manual_regions.phy_phyml_lk_IspH_1100_manual_regions.COMBINED.txt
# $Id: makermt.c,v 1.16 2010/01/29 16:45:36 shimo Exp $
# seed:0 (MT19937 generator)
# K:10
# R:0.5 0.6 0.7 0.8 0.9 1 1.1 1.2 1.3 1.4 
# B:100000 100000 100000 100000 100000 100000 100000 100000 100000 100000 
# reading ./IspH/IspH_1100_manual_regions.phy_phyml_lk_IspH_1100_manual_regions.COMBINED.txt
# M:12 N:496
# writing ./IspH/IspH_1100_manual_regions.phy_phyml_lk_IspH_1100_manual_regions.COMBINED
# writing ./IspH/IspH_1100_manual_regions.phy_phyml_lk_IspH_1100_manual_regions.COMBINED
# start generating total 1000000 replicates for 12 items..........
# time elapsed for bootstrap t=38.33 sec
# exit normally
# $Id: consel.c,v 1.20 2011/05/12 07:23:08 shimo Exp $
# reading ./IspH/IspH_1100_manual_regions.phy_phyml_lk_IspH_1100_manual_regions.COMBINED..........
# K:10
# R:0.5 0.59879 0.699597 0.798387 0.899194 1 1.09879 1.1996 1.29839 1.39919 
# B:100000 100000 100000 100000 100000 100000 100000 100000 100000 100000 
# M:12
# generate the identity association
# CM:12
# MC-TEST STARTS
# centering the replicates
# calculating kh-pvalue............
# calculating mc-pvalue............
# calculating the variances............
# calculating weighted kh-pvalue............
# calculating weighted mc-pvalue............
# MC-TEST DONE
# calculate replicates of the statistics..........
# BP-TEST STARTS - DONE
# AU-TEST STARTS
# sorting the replicates..........
# calculating approximately unbiased p-values by MLE (fast) fitting............
# time elapsed for AU test is t=0.01 sec
# ALPHA:0.05 0.1 0.5 0.9 0.95 
# calculating confidence intervals............
# AU-TEST DONE
# writing ./IspH/IspH_1100_manual_regions.phy_phyml_lk_IspH_1100_manual_regions.pv
# writing ./IspH/IspH_1100_manual_regions.phy_phyml_lk_IspH_1100_manual_regions.ci
# exit normally



